# JRE version: OpenJDK Runtime Environment Temurin-21.0.9+10 (21.0.9+10) (build 21.0.9+10-LTS)
# Java VM: OpenJDK 64-Bit Server VM Temurin-21.0.9+10 (21.0.9+10-LTS, mixed mode, sharing, tiered, compressed oops, compressed class ptrs, parallel gc, windows-amd64)
GC Precious Log:
 CardTable entry size: 512
 CPUs: 4 total, 4 available
 Memory: 3885M
 Large Page Support: Disabled
 NUMA Support: Disabled
 Compressed Oops: Enabled (Zero based)
 Alignments: Space 512K, Generation 512K, Heap 2M
 Heap Min Capacity: 100M
 Heap Initial Capacity: 100M
 Heap Max Capacity: 4G
 Pre-touch: Disabled
 Parallel Workers: 4
Heap:
 PSYoungGen      total 17920K, used 13141K [0x00000007aab00000, 0x00000007abf80000, 0x0000000800000000)
  eden space 15872K, 72% used [0x00000007aab00000,0x00000007ab62c2c0,0x00000007aba80000)
  from space 2048K, 83% used [0x00000007abc80000,0x00000007abe29250,0x00000007abe80000)
  to   space 1024K, 0% used [0x00000007abe80000,0x00000007abe80000,0x00000007abf80000)
 ParOldGen       total 287744K, used 287445K [0x0000000700000000, 0x0000000711900000, 0x00000007aab00000)
  object space 287744K, 99% used [0x0000000700000000,0x00000007118b5528,0x0000000711900000)
 Metaspace       used 85459K, committed 87360K, reserved 1179648K
  class space    used 8936K, committed 9792K, reserved 1048576K
GC Heap History (20 events):
Event: 528.224 GC heap before
{Heap before GC invocations=300 (full 4):
 PSYoungGen      total 21504K, used 21493K [0x00000007aab00000, 0x00000007ad200000, 0x0000000800000000)
  eden space 19456K, 100% used [0x00000007aab00000,0x00000007abe00000,0x00000007abe00000)
  from space 2048K, 99% used [0x00000007abe00000,0x00000007abffd680,0x00000007ac000000)
  to   space 10240K, 0% used [0x00000007ac800000,0x00000007ac800000,0x00000007ad200000)
 ParOldGen       total 267264K, used 266905K [0x0000000700000000, 0x0000000710500000, 0x00000007aab00000)
  object space 267264K, 99% used [0x0000000700000000,0x00000007104a6548,0x0000000710500000)
 Metaspace       used 85296K, committed 87168K, reserved 1179648K
  class space    used 8934K, committed 9728K, reserved 1048576K
}
Event: 528.230 GC heap after
{Heap after GC invocations=300 (full 4):
 PSYoungGen      total 23552K, used 3594K [0x00000007aab00000, 0x00000007acc00000, 0x0000000800000000)
  eden space 19456K, 0% used [0x00000007aab00000,0x00000007aab00000,0x00000007abe00000)
  from space 4096K, 87% used [0x00000007ac800000,0x00000007acb82930,0x00000007acc00000)
  to   space 5632K, 0% used [0x00000007ac100000,0x00000007ac100000,0x00000007ac680000)
 ParOldGen       total 269312K, used 268898K [0x0000000700000000, 0x0000000710700000, 0x00000007aab00000)
  object space 269312K, 99% used [0x0000000700000000,0x0000000710698a78,0x0000000710700000)
 Metaspace       used 85296K, committed 87168K, reserved 1179648K
  class space    used 8934K, committed 9728K, reserved 1048576K
}
Event: 528.299 GC heap before
{Heap before GC invocations=301 (full 4):
 PSYoungGen      total 23552K, used 23050K [0x00000007aab00000, 0x00000007acc00000, 0x0000000800000000)
  eden space 19456K, 100% used [0x00000007aab00000,0x00000007abe00000,0x00000007abe00000)
  from space 4096K, 87% used [0x00000007ac800000,0x00000007acb82930,0x00000007acc00000)
  to   space 5632K, 0% used [0x00000007ac100000,0x00000007ac100000,0x00000007ac680000)
 ParOldGen       total 269312K, used 268898K [0x0000000700000000, 0x0000000710700000, 0x00000007aab00000)
  object space 269312K, 99% used [0x0000000700000000,0x0000000710698a78,0x0000000710700000)
 Metaspace       used 85305K, committed 87168K, reserved 1179648K
  class space    used 8934K, committed 9728K, reserved 1048576K
}
Event: 528.307 GC heap after
{Heap after GC invocations=301 (full 4):
 PSYoungGen      total 21504K, used 1908K [0x00000007aab00000, 0x00000007ac880000, 0x0000000800000000)
  eden space 19456K, 0% used [0x00000007aab00000,0x00000007aab00000,0x00000007abe00000)
  from space 2048K, 93% used [0x00000007ac100000,0x00000007ac2dd240,0x00000007ac300000)
  to   space 3072K, 0% used [0x00000007ac580000,0x00000007ac580000,0x00000007ac880000)
 ParOldGen       total 272384K, used 272383K [0x0000000700000000, 0x0000000710a00000, 0x00000007aab00000)
  object space 272384K, 99% used [0x0000000700000000,0x00000007109ffce8,0x0000000710a00000)
 Metaspace       used 85305K, committed 87168K, reserved 1179648K
  class space    used 8934K, committed 9728K, reserved 1048576K
}
Event: 528.995 GC heap before
{Heap before GC invocations=302 (full 4):
 PSYoungGen      total 21504K, used 21364K [0x00000007aab00000, 0x00000007ac880000, 0x0000000800000000)
  eden space 19456K, 100% used [0x00000007aab00000,0x00000007abe00000,0x00000007abe00000)
  from space 2048K, 93% used [0x00000007ac100000,0x00000007ac2dd240,0x00000007ac300000)
  to   space 3072K, 0% used [0x00000007ac580000,0x00000007ac580000,0x00000007ac880000)
 ParOldGen       total 272384K, used 272383K [0x0000000700000000, 0x0000000710a00000, 0x00000007aab00000)
  object space 272384K, 99% used [0x0000000700000000,0x00000007109ffce8,0x0000000710a00000)
 Metaspace       used 85335K, committed 87296K, reserved 1179648K
  class space    used 8936K, committed 9792K, reserved 1048576K
}
Event: 529.005 GC heap after
{Heap after GC invocations=302 (full 4):
 PSYoungGen      total 21504K, used 1620K [0x00000007aab00000, 0x00000007ac780000, 0x0000000800000000)
  eden space 19456K, 0% used [0x00000007aab00000,0x00000007aab00000,0x00000007abe00000)
  from space 2048K, 79% used [0x00000007ac580000,0x00000007ac715240,0x00000007ac780000)
  to   space 2048K, 0% used [0x00000007ac100000,0x00000007ac100000,0x00000007ac300000)
 ParOldGen       total 274432K, used 274187K [0x0000000700000000, 0x0000000710c00000, 0x00000007aab00000)
  object space 274432K, 99% used [0x0000000700000000,0x0000000710bc2c70,0x0000000710c00000)
 Metaspace       used 85335K, committed 87296K, reserved 1179648K
  class space    used 8936K, committed 9792K, reserved 1048576K
}
Event: 529.066 GC heap before
{Heap before GC invocations=303 (full 4):
 PSYoungGen      total 21504K, used 21076K [0x00000007aab00000, 0x00000007ac780000, 0x0000000800000000)
  eden space 19456K, 100% used [0x00000007aab00000,0x00000007abe00000,0x00000007abe00000)
  from space 2048K, 79% used [0x00000007ac580000,0x00000007ac715240,0x00000007ac780000)
  to   space 2048K, 0% used [0x00000007ac100000,0x00000007ac100000,0x00000007ac300000)
 ParOldGen       total 274432K, used 274187K [0x0000000700000000, 0x0000000710c00000, 0x00000007aab00000)
  object space 274432K, 99% used [0x0000000700000000,0x0000000710bc2c70,0x0000000710c00000)
 Metaspace       used 85335K, committed 87296K, reserved 1179648K
  class space    used 8936K, committed 9792K, reserved 1048576K
}
Event: 529.072 GC heap after
{Heap after GC invocations=303 (full 4):
 PSYoungGen      total 21504K, used 1728K [0x00000007aab00000, 0x00000007ac600000, 0x0000000800000000)
  eden space 19456K, 0% used [0x00000007aab00000,0x00000007aab00000,0x00000007abe00000)
  from space 2048K, 84% used [0x00000007ac100000,0x00000007ac2b0040,0x00000007ac300000)
  to   space 2048K, 0% used [0x00000007ac400000,0x00000007ac400000,0x00000007ac600000)
 ParOldGen       total 275968K, used 275744K [0x0000000700000000, 0x0000000710d80000, 0x00000007aab00000)
  object space 275968K, 99% used [0x0000000700000000,0x0000000710d483b8,0x0000000710d80000)
 Metaspace       used 85335K, committed 87296K, reserved 1179648K
  class space    used 8936K, committed 9792K, reserved 1048576K
}
Event: 1593.061 GC heap before
{Heap before GC invocations=304 (full 4):
 PSYoungGen      total 21504K, used 21184K [0x00000007aab00000, 0x00000007ac600000, 0x0000000800000000)
  eden space 19456K, 100% used [0x00000007aab00000,0x00000007abe00000,0x00000007abe00000)
  from space 2048K, 84% used [0x00000007ac100000,0x00000007ac2b0040,0x00000007ac300000)
  to   space 2048K, 0% used [0x00000007ac400000,0x00000007ac400000,0x00000007ac600000)
 ParOldGen       total 275968K, used 275744K [0x0000000700000000, 0x0000000710d80000, 0x00000007aab00000)
  object space 275968K, 99% used [0x0000000700000000,0x0000000710d483b8,0x0000000710d80000)
 Metaspace       used 85379K, committed 87296K, reserved 1179648K
  class space    used 8936K, committed 9792K, reserved 1048576K
}
Event: 1593.480 GC heap after
{Heap after GC invocations=304 (full 4):
 PSYoungGen      total 21504K, used 2041K [0x00000007aab00000, 0x00000007ac700000, 0x0000000800000000)
  eden space 19456K, 0% used [0x00000007aab00000,0x00000007aab00000,0x00000007abe00000)
  from space 2048K, 99% used [0x00000007ac400000,0x00000007ac5fe470,0x00000007ac600000)
  to   space 4608K, 0% used [0x00000007abe00000,0x00000007abe00000,0x00000007ac280000)
 ParOldGen       total 278016K, used 277529K [0x0000000700000000, 0x0000000710f80000, 0x00000007aab00000)
  object space 278016K, 99% used [0x0000000700000000,0x0000000710f06468,0x0000000710f80000)
 Metaspace       used 85379K, committed 87296K, reserved 1179648K
  class space    used 8936K, committed 9792K, reserved 1048576K
}
Event: 1593.853 GC heap before
{Heap before GC invocations=305 (full 4):
 PSYoungGen      total 21504K, used 21497K [0x00000007aab00000, 0x00000007ac700000, 0x0000000800000000)
  eden space 19456K, 100% used [0x00000007aab00000,0x00000007abe00000,0x00000007abe00000)
  from space 2048K, 99% used [0x00000007ac400000,0x00000007ac5fe470,0x00000007ac600000)
  to   space 4608K, 0% used [0x00000007abe00000,0x00000007abe00000,0x00000007ac280000)
 ParOldGen       total 278016K, used 277529K [0x0000000700000000, 0x0000000710f80000, 0x00000007aab00000)
  object space 278016K, 99% used [0x0000000700000000,0x0000000710f06468,0x0000000710f80000)
 Metaspace       used 85382K, committed 87360K, reserved 1179648K
  class space    used 8936K, committed 9792K, reserved 1048576K
}
Event: 1593.868 GC heap after
{Heap after GC invocations=305 (full 4):
 PSYoungGen      total 21504K, used 1664K [0x00000007aab00000, 0x00000007ac480000, 0x0000000800000000)
  eden space 19456K, 0% used [0x00000007aab00000,0x00000007aab00000,0x00000007abe00000)
  from space 2048K, 81% used [0x00000007abe00000,0x00000007abfa0040,0x00000007ac000000)
  to   space 2560K, 0% used [0x00000007ac200000,0x00000007ac200000,0x00000007ac480000)
 ParOldGen       total 279552K, used 279511K [0x0000000700000000, 0x0000000711100000, 0x00000007aab00000)
  object space 279552K, 99% used [0x0000000700000000,0x00000007110f5d18,0x0000000711100000)
 Metaspace       used 85382K, committed 87360K, reserved 1179648K
  class space    used 8936K, committed 9792K, reserved 1048576K
}
Event: 1594.324 GC heap before
{Heap before GC invocations=306 (full 4):
 PSYoungGen      total 21504K, used 21120K [0x00000007aab00000, 0x00000007ac480000, 0x0000000800000000)
  eden space 19456K, 100% used [0x00000007aab00000,0x00000007abe00000,0x00000007abe00000)
  from space 2048K, 81% used [0x00000007abe00000,0x00000007abfa0040,0x00000007ac000000)
  to   space 2560K, 0% used [0x00000007ac200000,0x00000007ac200000,0x00000007ac480000)
 ParOldGen       total 279552K, used 279511K [0x0000000700000000, 0x0000000711100000, 0x00000007aab00000)
  object space 279552K, 99% used [0x0000000700000000,0x00000007110f5d18,0x0000000711100000)
 Metaspace       used 85406K, committed 87360K, reserved 1179648K
  class space    used 8936K, committed 9792K, reserved 1048576K
}
Event: 1594.335 GC heap after
{Heap after GC invocations=306 (full 4):
 PSYoungGen      total 18432K, used 2543K [0x00000007aab00000, 0x00000007acd00000, 0x0000000800000000)
  eden space 15872K, 0% used [0x00000007aab00000,0x00000007aab00000,0x00000007aba80000)
  from space 2560K, 99% used [0x00000007ac200000,0x00000007ac47bfc0,0x00000007ac480000)
  to   space 7680K, 0% used [0x00000007aba80000,0x00000007aba80000,0x00000007ac200000)
 ParOldGen       total 283648K, used 283559K [0x0000000700000000, 0x0000000711500000, 0x00000007aab00000)
  object space 283648K, 99% used [0x0000000700000000,0x00000007114e9dd8,0x0000000711500000)
 Metaspace       used 85406K, committed 87360K, reserved 1179648K
  class space    used 8936K, committed 9792K, reserved 1048576K
}
Event: 1594.411 GC heap before
{Heap before GC invocations=307 (full 4):
 PSYoungGen      total 18432K, used 18415K [0x00000007aab00000, 0x00000007acd00000, 0x0000000800000000)
  eden space 15872K, 100% used [0x00000007aab00000,0x00000007aba80000,0x00000007aba80000)
  from space 2560K, 99% used [0x00000007ac200000,0x00000007ac47bfc0,0x00000007ac480000)
  to   space 7680K, 0% used [0x00000007aba80000,0x00000007aba80000,0x00000007ac200000)
 ParOldGen       total 283648K, used 283559K [0x0000000700000000, 0x0000000711500000, 0x00000007aab00000)
  object space 283648K, 99% used [0x0000000700000000,0x00000007114e9dd8,0x0000000711500000)
 Metaspace       used 85418K, committed 87360K, reserved 1179648K
  class space    used 8936K, committed 9792K, reserved 1048576K
}
Event: 1594.417 GC heap after
{Heap after GC invocations=307 (full 4):
 PSYoungGen      total 17408K, used 1210K [0x00000007aab00000, 0x00000007ac280000, 0x0000000800000000)
  eden space 15872K, 0% used [0x00000007aab00000,0x00000007aab00000,0x00000007aba80000)
  from space 1536K, 78% used [0x00000007aba80000,0x00000007abbae920,0x00000007abc00000)
  to   space 3584K, 0% used [0x00000007abf00000,0x00000007abf00000,0x00000007ac280000)
 ParOldGen       total 285184K, used 285120K [0x0000000700000000, 0x0000000711680000, 0x00000007aab00000)
  object space 285184K, 99% used [0x0000000700000000,0x0000000711670288,0x0000000711680000)
 Metaspace       used 85418K, committed 87360K, reserved 1179648K
  class space    used 8936K, committed 9792K, reserved 1048576K
}
Event: 1594.466 GC heap before
{Heap before GC invocations=308 (full 4):
 PSYoungGen      total 17408K, used 17082K [0x00000007aab00000, 0x00000007ac280000, 0x0000000800000000)
  eden space 15872K, 100% used [0x00000007aab00000,0x00000007aba80000,0x00000007aba80000)
  from space 1536K, 78% used [0x00000007aba80000,0x00000007abbae920,0x00000007abc00000)
  to   space 3584K, 0% used [0x00000007abf00000,0x00000007abf00000,0x00000007ac280000)
 ParOldGen       total 285184K, used 285120K [0x0000000700000000, 0x0000000711680000, 0x00000007aab00000)
  object space 285184K, 99% used [0x0000000700000000,0x0000000711670288,0x0000000711680000)
 Metaspace       used 85418K, committed 87360K, reserved 1179648K
  class space    used 8936K, committed 9792K, reserved 1048576K
}
Event: 1594.470 GC heap after
{Heap after GC invocations=308 (full 4):
 PSYoungGen      total 17408K, used 1328K [0x00000007aab00000, 0x00000007ac080000, 0x0000000800000000)
  eden space 15872K, 0% used [0x00000007aab00000,0x00000007aab00000,0x00000007aba80000)
  from space 1536K, 86% used [0x00000007abf00000,0x00000007ac04c030,0x00000007ac080000)
  to   space 2048K, 0% used [0x00000007abc80000,0x00000007abc80000,0x00000007abe80000)
 ParOldGen       total 286720K, used 286245K [0x0000000700000000, 0x0000000711800000, 0x00000007aab00000)
  object space 286720K, 99% used [0x0000000700000000,0x00000007117894c8,0x0000000711800000)
 Metaspace       used 85418K, committed 87360K, reserved 1179648K
  class space    used 8936K, committed 9792K, reserved 1048576K
}
Event: 1594.540 GC heap before
{Heap before GC invocations=309 (full 4):
 PSYoungGen      total 17408K, used 17200K [0x00000007aab00000, 0x00000007ac080000, 0x0000000800000000)
  eden space 15872K, 100% used [0x00000007aab00000,0x00000007aba80000,0x00000007aba80000)
  from space 1536K, 86% used [0x00000007abf00000,0x00000007ac04c030,0x00000007ac080000)
  to   space 2048K, 0% used [0x00000007abc80000,0x00000007abc80000,0x00000007abe80000)
 ParOldGen       total 286720K, used 286245K [0x0000000700000000, 0x0000000711800000, 0x00000007aab00000)
  object space 286720K, 99% used [0x0000000700000000,0x00000007117894c8,0x0000000711800000)
 Metaspace       used 85418K, committed 87360K, reserved 1179648K
  class space    used 8936K, committed 9792K, reserved 1048576K
}
Event: 1594.546 GC heap after
{Heap after GC invocations=309 (full 4):
 PSYoungGen      total 17920K, used 1700K [0x00000007aab00000, 0x00000007abf80000, 0x0000000800000000)
  eden space 15872K, 0% used [0x00000007aab00000,0x00000007aab00000,0x00000007aba80000)
  from space 2048K, 83% used [0x00000007abc80000,0x00000007abe29250,0x00000007abe80000)
  to   space 1024K, 0% used [0x00000007abe80000,0x00000007abe80000,0x00000007abf80000)
 ParOldGen       total 287744K, used 287445K [0x0000000700000000, 0x0000000711900000, 0x00000007aab00000)
  object space 287744K, 99% used [0x0000000700000000,0x00000007118b5528,0x0000000711900000)
 Metaspace       used 85418K, committed 87360K, reserved 1179648K
  class space    used 8936K, committed 9792K, reserved 1048576K
}

