# JRE version: OpenJDK Runtime Environment Temurin-21.0.9+10 (21.0.9+10) (build 21.0.9+10-LTS)
# Java VM: OpenJDK 64-Bit Server VM Temurin-21.0.9+10 (21.0.9+10-LTS, mixed mode, sharing, tiered, compressed oops, compressed class ptrs, parallel gc, windows-amd64)
GC Precious Log:
 CardTable entry size: 512
 CPUs: 4 total, 4 available
 Memory: 3885M
 Large Page Support: Disabled
 NUMA Support: Disabled
 Compressed Oops: Enabled (Zero based)
 Alignments: Space 512K, Generation 512K, Heap 2M
 Heap Min Capacity: 100M
 Heap Initial Capacity: 100M
 Heap Max Capacity: 4G
 Pre-touch: Disabled
 Parallel Workers: 4
Heap:
 PSYoungGen      total 54272K, used 49141K [0x00000007aab00000, 0x00000007ae780000, 0x0000000800000000)
  eden space 44544K, 98% used [0x00000007aab00000,0x00000007ad5bbe60,0x00000007ad680000)
  from space 9728K, 55% used [0x00000007ad780000,0x00000007adcc15c8,0x00000007ae100000)
  to   space 6656K, 0% used [0x00000007ae100000,0x00000007ae100000,0x00000007ae780000)
 ParOldGen       total 1783808K, used 868099K [0x0000000700000000, 0x000000076ce00000, 0x00000007aab00000)
  object space 1783808K, 48% used [0x0000000700000000,0x0000000734fc0d30,0x000000076ce00000)
 Metaspace       used 93182K, committed 95040K, reserved 1179648K
  class space    used 9136K, committed 10112K, reserved 1048576K
GC Heap History (20 events):
Event: 16777.368 GC heap before
{Heap before GC invocations=2186 (full 6):
 PSYoungGen      total 39424K, used 39408K [0x00000007aab00000, 0x00000007ae280000, 0x0000000800000000)
  eden space 35840K, 100% used [0x00000007aab00000,0x00000007ace00000,0x00000007ace00000)
  from space 3584K, 99% used [0x00000007ace00000,0x00000007ad17c038,0x00000007ad180000)
  to   space 7168K, 0% used [0x00000007adb80000,0x00000007adb80000,0x00000007ae280000)
 ParOldGen       total 1783808K, used 842148K [0x0000000700000000, 0x000000076ce00000, 0x00000007aab00000)
  object space 1783808K, 47% used [0x0000000700000000,0x0000000733669170,0x000000076ce00000)
 Metaspace       used 93138K, committed 94976K, reserved 1179648K
  class space    used 9136K, committed 10112K, reserved 1048576K
}
Event: 16777.412 GC heap after
{Heap after GC invocations=2186 (full 6):
 PSYoungGen      total 46592K, used 3401K [0x00000007aab00000, 0x00000007adf00000, 0x0000000800000000)
  eden space 43008K, 0% used [0x00000007aab00000,0x00000007aab00000,0x00000007ad500000)
  from space 3584K, 94% used [0x00000007adb80000,0x00000007aded2788,0x00000007adf00000)
  to   space 4608K, 0% used [0x00000007ad600000,0x00000007ad600000,0x00000007ada80000)
 ParOldGen       total 1783808K, used 845472K [0x0000000700000000, 0x000000076ce00000, 0x00000007aab00000)
  object space 1783808K, 47% used [0x0000000700000000,0x00000007339a8338,0x000000076ce00000)
 Metaspace       used 93138K, committed 94976K, reserved 1179648K
  class space    used 9136K, committed 10112K, reserved 1048576K
}
Event: 16777.518 GC heap before
{Heap before GC invocations=2187 (full 6):
 PSYoungGen      total 46592K, used 46409K [0x00000007aab00000, 0x00000007adf00000, 0x0000000800000000)
  eden space 43008K, 100% used [0x00000007aab00000,0x00000007ad500000,0x00000007ad500000)
  from space 3584K, 94% used [0x00000007adb80000,0x00000007aded2788,0x00000007adf00000)
  to   space 4608K, 0% used [0x00000007ad600000,0x00000007ad600000,0x00000007ada80000)
 ParOldGen       total 1783808K, used 845472K [0x0000000700000000, 0x000000076ce00000, 0x00000007aab00000)
  object space 1783808K, 47% used [0x0000000700000000,0x00000007339a8338,0x000000076ce00000)
 Metaspace       used 93139K, committed 94976K, reserved 1179648K
  class space    used 9136K, committed 10112K, reserved 1048576K
}
Event: 16777.553 GC heap after
{Heap after GC invocations=2187 (full 6):
 PSYoungGen      total 48640K, used 2905K [0x00000007aab00000, 0x00000007ae480000, 0x0000000800000000)
  eden space 44032K, 0% used [0x00000007aab00000,0x00000007aab00000,0x00000007ad600000)
  from space 4608K, 63% used [0x00000007ad600000,0x00000007ad8d66f8,0x00000007ada80000)
  to   space 3584K, 0% used [0x00000007ae100000,0x00000007ae100000,0x00000007ae480000)
 ParOldGen       total 1783808K, used 848219K [0x0000000700000000, 0x000000076ce00000, 0x00000007aab00000)
  object space 1783808K, 47% used [0x0000000700000000,0x0000000733c56f78,0x000000076ce00000)
 Metaspace       used 93139K, committed 94976K, reserved 1179648K
  class space    used 9136K, committed 10112K, reserved 1048576K
}
Event: 16777.718 GC heap before
{Heap before GC invocations=2188 (full 6):
 PSYoungGen      total 48640K, used 46937K [0x00000007aab00000, 0x00000007ae480000, 0x0000000800000000)
  eden space 44032K, 100% used [0x00000007aab00000,0x00000007ad600000,0x00000007ad600000)
  from space 4608K, 63% used [0x00000007ad600000,0x00000007ad8d66f8,0x00000007ada80000)
  to   space 3584K, 0% used [0x00000007ae100000,0x00000007ae100000,0x00000007ae480000)
 ParOldGen       total 1783808K, used 848219K [0x0000000700000000, 0x000000076ce00000, 0x00000007aab00000)
  object space 1783808K, 47% used [0x0000000700000000,0x0000000733c56f78,0x000000076ce00000)
 Metaspace       used 93142K, committed 94976K, reserved 1179648K
  class space    used 9136K, committed 10112K, reserved 1048576K
}
Event: 16777.749 GC heap after
{Heap after GC invocations=2188 (full 6):
 PSYoungGen      total 55808K, used 2016K [0x00000007aab00000, 0x00000007ae400000, 0x0000000800000000)
  eden space 52736K, 0% used [0x00000007aab00000,0x00000007aab00000,0x00000007ade80000)
  from space 3072K, 65% used [0x00000007ae100000,0x00000007ae2f8328,0x00000007ae400000)
  to   space 2560K, 0% used [0x00000007ade80000,0x00000007ade80000,0x00000007ae100000)
 ParOldGen       total 1783808K, used 850690K [0x0000000700000000, 0x000000076ce00000, 0x00000007aab00000)
  object space 1783808K, 47% used [0x0000000700000000,0x0000000733ec0838,0x000000076ce00000)
 Metaspace       used 93142K, committed 94976K, reserved 1179648K
  class space    used 9136K, committed 10112K, reserved 1048576K
}
Event: 16792.515 GC heap before
{Heap before GC invocations=2189 (full 6):
 PSYoungGen      total 55808K, used 54752K [0x00000007aab00000, 0x00000007ae400000, 0x0000000800000000)
  eden space 52736K, 100% used [0x00000007aab00000,0x00000007ade80000,0x00000007ade80000)
  from space 3072K, 65% used [0x00000007ae100000,0x00000007ae2f8328,0x00000007ae400000)
  to   space 2560K, 0% used [0x00000007ade80000,0x00000007ade80000,0x00000007ae100000)
 ParOldGen       total 1783808K, used 850690K [0x0000000700000000, 0x000000076ce00000, 0x00000007aab00000)
  object space 1783808K, 47% used [0x0000000700000000,0x0000000733ec0838,0x000000076ce00000)
 Metaspace       used 93143K, committed 94976K, reserved 1179648K
  class space    used 9136K, committed 10112K, reserved 1048576K
}
Event: 16792.545 GC heap after
{Heap after GC invocations=2189 (full 6):
 PSYoungGen      total 55296K, used 404K [0x00000007aab00000, 0x00000007aec00000, 0x0000000800000000)
  eden space 52736K, 0% used [0x00000007aab00000,0x00000007aab00000,0x00000007ade80000)
  from space 2560K, 15% used [0x00000007ade80000,0x00000007adee5200,0x00000007ae100000)
  to   space 1536K, 0% used [0x00000007aea80000,0x00000007aea80000,0x00000007aec00000)
 ParOldGen       total 1783808K, used 852676K [0x0000000700000000, 0x000000076ce00000, 0x00000007aab00000)
  object space 1783808K, 47% used [0x0000000700000000,0x00000007340b1320,0x000000076ce00000)
 Metaspace       used 93143K, committed 94976K, reserved 1179648K
  class space    used 9136K, committed 10112K, reserved 1048576K
}
Event: 16793.106 GC heap before
{Heap before GC invocations=2190 (full 6):
 PSYoungGen      total 55296K, used 53140K [0x00000007aab00000, 0x00000007aec00000, 0x0000000800000000)
  eden space 52736K, 100% used [0x00000007aab00000,0x00000007ade80000,0x00000007ade80000)
  from space 2560K, 15% used [0x00000007ade80000,0x00000007adee5200,0x00000007ae100000)
  to   space 1536K, 0% used [0x00000007aea80000,0x00000007aea80000,0x00000007aec00000)
 ParOldGen       total 1783808K, used 852676K [0x0000000700000000, 0x000000076ce00000, 0x00000007aab00000)
  object space 1783808K, 47% used [0x0000000700000000,0x00000007340b1320,0x000000076ce00000)
 Metaspace       used 93143K, committed 94976K, reserved 1179648K
  class space    used 9136K, committed 10112K, reserved 1048576K
}
Event: 16793.122 GC heap after
{Heap after GC invocations=2190 (full 6):
 PSYoungGen      total 52736K, used 1529K [0x00000007aab00000, 0x00000007aec00000, 0x0000000800000000)
  eden space 51200K, 0% used [0x00000007aab00000,0x00000007aab00000,0x00000007add00000)
  from space 1536K, 99% used [0x00000007aea80000,0x00000007aebfe410,0x00000007aec00000)
  to   space 3584K, 0% used [0x00000007ae500000,0x00000007ae500000,0x00000007ae880000)
 ParOldGen       total 1783808K, used 854233K [0x0000000700000000, 0x000000076ce00000, 0x00000007aab00000)
  object space 1783808K, 47% used [0x0000000700000000,0x0000000734236688,0x000000076ce00000)
 Metaspace       used 93143K, committed 94976K, reserved 1179648K
  class space    used 9136K, committed 10112K, reserved 1048576K
}
Event: 16795.671 GC heap before
{Heap before GC invocations=2191 (full 6):
 PSYoungGen      total 52736K, used 52729K [0x00000007aab00000, 0x00000007aec00000, 0x0000000800000000)
  eden space 51200K, 100% used [0x00000007aab00000,0x00000007add00000,0x00000007add00000)
  from space 1536K, 99% used [0x00000007aea80000,0x00000007aebfe410,0x00000007aec00000)
  to   space 3584K, 0% used [0x00000007ae500000,0x00000007ae500000,0x00000007ae880000)
 ParOldGen       total 1783808K, used 854233K [0x0000000700000000, 0x000000076ce00000, 0x00000007aab00000)
  object space 1783808K, 47% used [0x0000000700000000,0x0000000734236688,0x000000076ce00000)
 Metaspace       used 93145K, committed 94976K, reserved 1179648K
  class space    used 9136K, committed 10112K, reserved 1048576K
}
Event: 16795.692 GC heap after
{Heap after GC invocations=2191 (full 6):
 PSYoungGen      total 53248K, used 3583K [0x00000007aab00000, 0x00000007aeb00000, 0x0000000800000000)
  eden space 49664K, 0% used [0x00000007aab00000,0x00000007aab00000,0x00000007adb80000)
  from space 3584K, 99% used [0x00000007ae500000,0x00000007ae87fe78,0x00000007ae880000)
  to   space 2560K, 0% used [0x00000007ae880000,0x00000007ae880000,0x00000007aeb00000)
 ParOldGen       total 1783808K, used 856777K [0x0000000700000000, 0x000000076ce00000, 0x00000007aab00000)
  object space 1783808K, 48% used [0x0000000700000000,0x00000007344b2760,0x000000076ce00000)
 Metaspace       used 93145K, committed 94976K, reserved 1179648K
  class space    used 9136K, committed 10112K, reserved 1048576K
}
Event: 16798.158 GC heap before
{Heap before GC invocations=2192 (full 6):
 PSYoungGen      total 53248K, used 52825K [0x00000007aab00000, 0x00000007aeb00000, 0x0000000800000000)
  eden space 49664K, 99% used [0x00000007aab00000,0x00000007adb16680,0x00000007adb80000)
  from space 3584K, 99% used [0x00000007ae500000,0x00000007ae87fe78,0x00000007ae880000)
  to   space 2560K, 0% used [0x00000007ae880000,0x00000007ae880000,0x00000007aeb00000)
 ParOldGen       total 1783808K, used 856777K [0x0000000700000000, 0x000000076ce00000, 0x00000007aab00000)
  object space 1783808K, 48% used [0x0000000700000000,0x00000007344b2760,0x000000076ce00000)
 Metaspace       used 93147K, committed 94976K, reserved 1179648K
  class space    used 9136K, committed 10112K, reserved 1048576K
}
Event: 16798.186 GC heap after
{Heap after GC invocations=2192 (full 6):
 PSYoungGen      total 48640K, used 160K [0x00000007aab00000, 0x00000007ae900000, 0x0000000800000000)
  eden space 48128K, 0% used [0x00000007aab00000,0x00000007aab00000,0x00000007ada00000)
  from space 512K, 31% used [0x00000007ae880000,0x00000007ae8a8000,0x00000007ae900000)
  to   space 2560K, 0% used [0x00000007ae400000,0x00000007ae400000,0x00000007ae680000)
 ParOldGen       total 1783808K, used 859943K [0x0000000700000000, 0x000000076ce00000, 0x00000007aab00000)
  object space 1783808K, 48% used [0x0000000700000000,0x00000007347c9f98,0x000000076ce00000)
 Metaspace       used 93147K, committed 94976K, reserved 1179648K
  class space    used 9136K, committed 10112K, reserved 1048576K
}
Event: 16799.450 GC heap before
{Heap before GC invocations=2193 (full 6):
 PSYoungGen      total 48640K, used 48270K [0x00000007aab00000, 0x00000007ae900000, 0x0000000800000000)
  eden space 48128K, 99% used [0x00000007aab00000,0x00000007ad9fba18,0x00000007ada00000)
  from space 512K, 31% used [0x00000007ae880000,0x00000007ae8a8000,0x00000007ae900000)
  to   space 2560K, 0% used [0x00000007ae400000,0x00000007ae400000,0x00000007ae680000)
 ParOldGen       total 1783808K, used 859943K [0x0000000700000000, 0x000000076ce00000, 0x00000007aab00000)
  object space 1783808K, 48% used [0x0000000700000000,0x00000007347c9f98,0x000000076ce00000)
 Metaspace       used 93175K, committed 95040K, reserved 1179648K
  class space    used 9136K, committed 10112K, reserved 1048576K
}
Event: 16799.462 GC heap after
{Heap after GC invocations=2193 (full 6):
 PSYoungGen      total 49152K, used 1541K [0x00000007aab00000, 0x00000007ae900000, 0x0000000800000000)
  eden space 46592K, 0% used [0x00000007aab00000,0x00000007aab00000,0x00000007ad880000)
  from space 2560K, 60% used [0x00000007ae400000,0x00000007ae581610,0x00000007ae680000)
  to   space 2048K, 0% used [0x00000007ae700000,0x00000007ae700000,0x00000007ae900000)
 ParOldGen       total 1783808K, used 859991K [0x0000000700000000, 0x000000076ce00000, 0x00000007aab00000)
  object space 1783808K, 48% used [0x0000000700000000,0x00000007347d5f98,0x000000076ce00000)
 Metaspace       used 93175K, committed 95040K, reserved 1179648K
  class space    used 9136K, committed 10112K, reserved 1048576K
}
Event: 16799.754 GC heap before
{Heap before GC invocations=2194 (full 6):
 PSYoungGen      total 49152K, used 48133K [0x00000007aab00000, 0x00000007ae900000, 0x0000000800000000)
  eden space 46592K, 100% used [0x00000007aab00000,0x00000007ad880000,0x00000007ad880000)
  from space 2560K, 60% used [0x00000007ae400000,0x00000007ae581610,0x00000007ae680000)
  to   space 2048K, 0% used [0x00000007ae700000,0x00000007ae700000,0x00000007ae900000)
 ParOldGen       total 1783808K, used 859991K [0x0000000700000000, 0x000000076ce00000, 0x00000007aab00000)
  object space 1783808K, 48% used [0x0000000700000000,0x00000007347d5f98,0x000000076ce00000)
 Metaspace       used 93177K, committed 95040K, reserved 1179648K
  class space    used 9136K, committed 10112K, reserved 1048576K
}
Event: 16799.829 GC heap after
{Heap after GC invocations=2194 (full 6):
 PSYoungGen      total 47616K, used 2025K [0x00000007aab00000, 0x00000007aea80000, 0x0000000800000000)
  eden space 45568K, 0% used [0x00000007aab00000,0x00000007aab00000,0x00000007ad780000)
  from space 2048K, 98% used [0x00000007ae700000,0x00000007ae8fa5c0,0x00000007ae900000)
  to   space 9728K, 0% used [0x00000007ad780000,0x00000007ad780000,0x00000007ae100000)
 ParOldGen       total 1783808K, used 866149K [0x0000000700000000, 0x000000076ce00000, 0x00000007aab00000)
  object space 1783808K, 48% used [0x0000000700000000,0x0000000734dd9778,0x000000076ce00000)
 Metaspace       used 93177K, committed 95040K, reserved 1179648K
  class space    used 9136K, committed 10112K, reserved 1048576K
}
Event: 16800.304 GC heap before
{Heap before GC invocations=2195 (full 6):
 PSYoungGen      total 47616K, used 47593K [0x00000007aab00000, 0x00000007aea80000, 0x0000000800000000)
  eden space 45568K, 100% used [0x00000007aab00000,0x00000007ad780000,0x00000007ad780000)
  from space 2048K, 98% used [0x00000007ae700000,0x00000007ae8fa5c0,0x00000007ae900000)
  to   space 9728K, 0% used [0x00000007ad780000,0x00000007ad780000,0x00000007ae100000)
 ParOldGen       total 1783808K, used 866149K [0x0000000700000000, 0x000000076ce00000, 0x00000007aab00000)
  object space 1783808K, 48% used [0x0000000700000000,0x0000000734dd9778,0x000000076ce00000)
 Metaspace       used 93177K, committed 95040K, reserved 1179648K
  class space    used 9136K, committed 10112K, reserved 1048576K
}
Event: 16800.342 GC heap after
{Heap after GC invocations=2195 (full 6):
 PSYoungGen      total 54272K, used 5381K [0x00000007aab00000, 0x00000007ae780000, 0x0000000800000000)
  eden space 44544K, 0% used [0x00000007aab00000,0x00000007aab00000,0x00000007ad680000)
  from space 9728K, 55% used [0x00000007ad780000,0x00000007adcc15c8,0x00000007ae100000)
  to   space 6656K, 0% used [0x00000007ae100000,0x00000007ae100000,0x00000007ae780000)
 ParOldGen       total 1783808K, used 868099K [0x0000000700000000, 0x000000076ce00000, 0x00000007aab00000)
  object space 1783808K, 48% used [0x0000000700000000,0x0000000734fc0d30,0x000000076ce00000)
 Metaspace       used 93177K, committed 95040K, reserved 1179648K
  class space    used 9136K, committed 10112K, reserved 1048576K
}

