# JRE version: OpenJDK Runtime Environment Temurin-21.0.9+10 (21.0.9+10) (build 21.0.9+10-LTS)
# Java VM: OpenJDK 64-Bit Server VM Temurin-21.0.9+10 (21.0.9+10-LTS, mixed mode, sharing, tiered, compressed oops, compressed class ptrs, parallel gc, windows-amd64)
GC Precious Log:
 CardTable entry size: 512
 CPUs: 4 total, 4 available
 Memory: 3885M
 Large Page Support: Disabled
 NUMA Support: Disabled
 Compressed Oops: Enabled (Zero based)
 Alignments: Space 512K, Generation 512K, Heap 2M
 Heap Min Capacity: 100M
 Heap Initial Capacity: 100M
 Heap Max Capacity: 4G
 Pre-touch: Disabled
 Parallel Workers: 4
Heap:
 PSYoungGen      total 8704K, used 4250K [0x00000007aab00000, 0x00000007aba00000, 0x0000000800000000)
  eden space 7680K, 46% used [0x00000007aab00000,0x00000007aae76870,0x00000007ab280000)
  from space 1024K, 68% used [0x00000007ab280000,0x00000007ab330020,0x00000007ab380000)
  to   space 3072K, 0% used [0x00000007ab700000,0x00000007ab700000,0x00000007aba00000)
 ParOldGen       total 1052672K, used 426378K [0x0000000700000000, 0x0000000740400000, 0x00000007aab00000)
  object space 1052672K, 40% used [0x0000000700000000,0x000000071a0629c8,0x0000000740400000)
 Metaspace       used 92564K, committed 94464K, reserved 1179648K
  class space    used 9260K, committed 10112K, reserved 1048576K
GC Heap History (20 events):
Event: 1017.632 GC heap before
{Heap before GC invocations=2154 (full 6):
 PSYoungGen      total 18432K, used 18228K [0x00000007aab00000, 0x00000007ac080000, 0x0000000800000000)
  eden space 16896K, 99% used [0x00000007aab00000,0x00000007abb7ffd8,0x00000007abb80000)
  from space 1536K, 86% used [0x00000007abb80000,0x00000007abccd220,0x00000007abd00000)
  to   space 2560K, 0% used [0x00000007abe00000,0x00000007abe00000,0x00000007ac080000)
 ParOldGen       total 1052672K, used 375525K [0x0000000700000000, 0x0000000740400000, 0x00000007aab00000)
  object space 1052672K, 35% used [0x0000000700000000,0x0000000716eb9478,0x0000000740400000)
 Metaspace       used 92429K, committed 94272K, reserved 1179648K
  class space    used 9252K, committed 10112K, reserved 1048576K
}
Event: 1017.973 GC heap after
{Heap after GC invocations=2154 (full 6):
 PSYoungGen      total 18432K, used 1376K [0x00000007aab00000, 0x00000007abf80000, 0x0000000800000000)
  eden space 16896K, 0% used [0x00000007aab00000,0x00000007aab00000,0x00000007abb80000)
  from space 1536K, 89% used [0x00000007abe00000,0x00000007abf58040,0x00000007abf80000)
  to   space 1536K, 0% used [0x00000007abb80000,0x00000007abb80000,0x00000007abd00000)
 ParOldGen       total 1052672K, used 376765K [0x0000000700000000, 0x0000000740400000, 0x00000007aab00000)
  object space 1052672K, 35% used [0x0000000700000000,0x0000000716fef700,0x0000000740400000)
 Metaspace       used 92429K, committed 94272K, reserved 1179648K
  class space    used 9252K, committed 10112K, reserved 1048576K
}
Event: 1018.261 GC heap before
{Heap before GC invocations=2155 (full 6):
 PSYoungGen      total 18432K, used 18272K [0x00000007aab00000, 0x00000007abf80000, 0x0000000800000000)
  eden space 16896K, 100% used [0x00000007aab00000,0x00000007abb80000,0x00000007abb80000)
  from space 1536K, 89% used [0x00000007abe00000,0x00000007abf58040,0x00000007abf80000)
  to   space 1536K, 0% used [0x00000007abb80000,0x00000007abb80000,0x00000007abd00000)
 ParOldGen       total 1052672K, used 376765K [0x0000000700000000, 0x0000000740400000, 0x00000007aab00000)
  object space 1052672K, 35% used [0x0000000700000000,0x0000000716fef700,0x0000000740400000)
 Metaspace       used 92457K, committed 94272K, reserved 1179648K
  class space    used 9256K, committed 10112K, reserved 1048576K
}
Event: 1018.270 GC heap after
{Heap after GC invocations=2155 (full 6):
 PSYoungGen      total 18432K, used 1531K [0x00000007aab00000, 0x00000007ac280000, 0x0000000800000000)
  eden space 16896K, 0% used [0x00000007aab00000,0x00000007aab00000,0x00000007abb80000)
  from space 1536K, 99% used [0x00000007abb80000,0x00000007abcfecf8,0x00000007abd00000)
  to   space 3584K, 0% used [0x00000007abf00000,0x00000007abf00000,0x00000007ac280000)
 ParOldGen       total 1052672K, used 378278K [0x0000000700000000, 0x0000000740400000, 0x00000007aab00000)
  object space 1052672K, 35% used [0x0000000700000000,0x00000007171698d0,0x0000000740400000)
 Metaspace       used 92457K, committed 94272K, reserved 1179648K
  class space    used 9256K, committed 10112K, reserved 1048576K
}
Event: 1019.924 GC heap before
{Heap before GC invocations=2156 (full 6):
 PSYoungGen      total 18432K, used 18427K [0x00000007aab00000, 0x00000007ac280000, 0x0000000800000000)
  eden space 16896K, 100% used [0x00000007aab00000,0x00000007abb80000,0x00000007abb80000)
  from space 1536K, 99% used [0x00000007abb80000,0x00000007abcfecf8,0x00000007abd00000)
  to   space 3584K, 0% used [0x00000007abf00000,0x00000007abf00000,0x00000007ac280000)
 ParOldGen       total 1052672K, used 378278K [0x0000000700000000, 0x0000000740400000, 0x00000007aab00000)
  object space 1052672K, 35% used [0x0000000700000000,0x00000007171698d0,0x0000000740400000)
 Metaspace       used 92515K, committed 94336K, reserved 1179648K
  class space    used 9260K, committed 10112K, reserved 1048576K
}
Event: 1019.945 GC heap after
{Heap after GC invocations=2156 (full 6):
 PSYoungGen      total 14336K, used 3552K [0x00000007aab00000, 0x00000007ace80000, 0x0000000800000000)
  eden space 10752K, 0% used [0x00000007aab00000,0x00000007aab00000,0x00000007ab580000)
  from space 3584K, 99% used [0x00000007abf00000,0x00000007ac278020,0x00000007ac280000)
  to   space 9728K, 0% used [0x00000007ab580000,0x00000007ab580000,0x00000007abf00000)
 ParOldGen       total 1052672K, used 383070K [0x0000000700000000, 0x0000000740400000, 0x00000007aab00000)
  object space 1052672K, 36% used [0x0000000700000000,0x0000000717617a78,0x0000000740400000)
 Metaspace       used 92515K, committed 94336K, reserved 1179648K
  class space    used 9260K, committed 10112K, reserved 1048576K
}
Event: 1020.005 GC heap before
{Heap before GC invocations=2157 (full 6):
 PSYoungGen      total 14336K, used 14304K [0x00000007aab00000, 0x00000007ace80000, 0x0000000800000000)
  eden space 10752K, 100% used [0x00000007aab00000,0x00000007ab580000,0x00000007ab580000)
  from space 3584K, 99% used [0x00000007abf00000,0x00000007ac278020,0x00000007ac280000)
  to   space 9728K, 0% used [0x00000007ab580000,0x00000007ab580000,0x00000007abf00000)
 ParOldGen       total 1052672K, used 383070K [0x0000000700000000, 0x0000000740400000, 0x00000007aab00000)
  object space 1052672K, 36% used [0x0000000700000000,0x0000000717617a78,0x0000000740400000)
 Metaspace       used 92515K, committed 94336K, reserved 1179648K
  class space    used 9260K, committed 10112K, reserved 1048576K
}
Event: 1020.014 GC heap after
{Heap after GC invocations=2157 (full 6):
 PSYoungGen      total 12288K, used 1072K [0x00000007aab00000, 0x00000007abf80000, 0x0000000800000000)
  eden space 10752K, 0% used [0x00000007aab00000,0x00000007aab00000,0x00000007ab580000)
  from space 1536K, 69% used [0x00000007ab580000,0x00000007ab68c010,0x00000007ab700000)
  to   space 4096K, 0% used [0x00000007abb80000,0x00000007abb80000,0x00000007abf80000)
 ParOldGen       total 1052672K, used 386658K [0x0000000700000000, 0x0000000740400000, 0x00000007aab00000)
  object space 1052672K, 36% used [0x0000000700000000,0x0000000717998b18,0x0000000740400000)
 Metaspace       used 92515K, committed 94336K, reserved 1179648K
  class space    used 9260K, committed 10112K, reserved 1048576K
}
Event: 1020.371 GC heap before
{Heap before GC invocations=2158 (full 6):
 PSYoungGen      total 12288K, used 11824K [0x00000007aab00000, 0x00000007abf80000, 0x0000000800000000)
  eden space 10752K, 100% used [0x00000007aab00000,0x00000007ab580000,0x00000007ab580000)
  from space 1536K, 69% used [0x00000007ab580000,0x00000007ab68c010,0x00000007ab700000)
  to   space 4096K, 0% used [0x00000007abb80000,0x00000007abb80000,0x00000007abf80000)
 ParOldGen       total 1052672K, used 386658K [0x0000000700000000, 0x0000000740400000, 0x00000007aab00000)
  object space 1052672K, 36% used [0x0000000700000000,0x0000000717998b18,0x0000000740400000)
 Metaspace       used 92519K, committed 94336K, reserved 1179648K
  class space    used 9260K, committed 10112K, reserved 1048576K
}
Event: 1020.376 GC heap after
{Heap after GC invocations=2158 (full 6):
 PSYoungGen      total 12288K, used 1306K [0x00000007aab00000, 0x00000007abd00000, 0x0000000800000000)
  eden space 10752K, 0% used [0x00000007aab00000,0x00000007aab00000,0x00000007ab580000)
  from space 1536K, 85% used [0x00000007abb80000,0x00000007abcc6920,0x00000007abd00000)
  to   space 2048K, 0% used [0x00000007ab900000,0x00000007ab900000,0x00000007abb00000)
 ParOldGen       total 1052672K, used 387674K [0x0000000700000000, 0x0000000740400000, 0x00000007aab00000)
  object space 1052672K, 36% used [0x0000000700000000,0x0000000717a96b78,0x0000000740400000)
 Metaspace       used 92519K, committed 94336K, reserved 1179648K
  class space    used 9260K, committed 10112K, reserved 1048576K
}
Event: 1020.422 GC heap before
{Heap before GC invocations=2159 (full 6):
 PSYoungGen      total 12288K, used 12058K [0x00000007aab00000, 0x00000007abd00000, 0x0000000800000000)
  eden space 10752K, 100% used [0x00000007aab00000,0x00000007ab580000,0x00000007ab580000)
  from space 1536K, 85% used [0x00000007abb80000,0x00000007abcc6920,0x00000007abd00000)
  to   space 2048K, 0% used [0x00000007ab900000,0x00000007ab900000,0x00000007abb00000)
 ParOldGen       total 1052672K, used 387674K [0x0000000700000000, 0x0000000740400000, 0x00000007aab00000)
  object space 1052672K, 36% used [0x0000000700000000,0x0000000717a96b78,0x0000000740400000)
 Metaspace       used 92519K, committed 94336K, reserved 1179648K
  class space    used 9260K, committed 10112K, reserved 1048576K
}
Event: 1020.427 GC heap after
{Heap after GC invocations=2159 (full 6):
 PSYoungGen      total 12288K, used 1024K [0x00000007aab00000, 0x00000007abc00000, 0x0000000800000000)
  eden space 10752K, 0% used [0x00000007aab00000,0x00000007aab00000,0x00000007ab580000)
  from space 1536K, 66% used [0x00000007ab900000,0x00000007aba00020,0x00000007aba80000)
  to   space 1536K, 0% used [0x00000007aba80000,0x00000007aba80000,0x00000007abc00000)
 ParOldGen       total 1052672K, used 388904K [0x0000000700000000, 0x0000000740400000, 0x00000007aab00000)
  object space 1052672K, 36% used [0x0000000700000000,0x0000000717bca198,0x0000000740400000)
 Metaspace       used 92519K, committed 94336K, reserved 1179648K
  class space    used 9260K, committed 10112K, reserved 1048576K
}
Event: 1020.529 GC heap before
{Heap before GC invocations=2160 (full 6):
 PSYoungGen      total 12288K, used 11776K [0x00000007aab00000, 0x00000007abc00000, 0x0000000800000000)
  eden space 10752K, 100% used [0x00000007aab00000,0x00000007ab580000,0x00000007ab580000)
  from space 1536K, 66% used [0x00000007ab900000,0x00000007aba00020,0x00000007aba80000)
  to   space 1536K, 0% used [0x00000007aba80000,0x00000007aba80000,0x00000007abc00000)
 ParOldGen       total 1052672K, used 388904K [0x0000000700000000, 0x0000000740400000, 0x00000007aab00000)
  object space 1052672K, 36% used [0x0000000700000000,0x0000000717bca198,0x0000000740400000)
 Metaspace       used 92519K, committed 94336K, reserved 1179648K
  class space    used 9260K, committed 10112K, reserved 1048576K
}
Event: 1020.544 GC heap after
{Heap after GC invocations=2160 (full 6):
 PSYoungGen      total 12288K, used 1465K [0x00000007aab00000, 0x00000007abc00000, 0x0000000800000000)
  eden space 10752K, 0% used [0x00000007aab00000,0x00000007aab00000,0x00000007ab580000)
  from space 1536K, 95% used [0x00000007aba80000,0x00000007abbee7d8,0x00000007abc00000)
  to   space 2048K, 0% used [0x00000007ab800000,0x00000007ab800000,0x00000007aba00000)
 ParOldGen       total 1052672K, used 389840K [0x0000000700000000, 0x0000000740400000, 0x00000007aab00000)
  object space 1052672K, 37% used [0x0000000700000000,0x0000000717cb41f8,0x0000000740400000)
 Metaspace       used 92519K, committed 94336K, reserved 1179648K
  class space    used 9260K, committed 10112K, reserved 1048576K
}
Event: 1022.173 GC heap before
{Heap before GC invocations=2161 (full 6):
 PSYoungGen      total 12288K, used 12217K [0x00000007aab00000, 0x00000007abc00000, 0x0000000800000000)
  eden space 10752K, 100% used [0x00000007aab00000,0x00000007ab580000,0x00000007ab580000)
  from space 1536K, 95% used [0x00000007aba80000,0x00000007abbee7d8,0x00000007abc00000)
  to   space 2048K, 0% used [0x00000007ab800000,0x00000007ab800000,0x00000007aba00000)
 ParOldGen       total 1052672K, used 389840K [0x0000000700000000, 0x0000000740400000, 0x00000007aab00000)
  object space 1052672K, 37% used [0x0000000700000000,0x0000000717cb41f8,0x0000000740400000)
 Metaspace       used 92537K, committed 94400K, reserved 1179648K
  class space    used 9260K, committed 10112K, reserved 1048576K
}
Event: 1022.181 GC heap after
{Heap after GC invocations=2161 (full 6):
 PSYoungGen      total 12288K, used 1466K [0x00000007aab00000, 0x00000007abb00000, 0x0000000800000000)
  eden space 10752K, 0% used [0x00000007aab00000,0x00000007aab00000,0x00000007ab580000)
  from space 1536K, 95% used [0x00000007ab800000,0x00000007ab96ea90,0x00000007ab980000)
  to   space 1536K, 0% used [0x00000007ab980000,0x00000007ab980000,0x00000007abb00000)
 ParOldGen       total 1052672K, used 391159K [0x0000000700000000, 0x0000000740400000, 0x00000007aab00000)
  object space 1052672K, 37% used [0x0000000700000000,0x0000000717dfdf10,0x0000000740400000)
 Metaspace       used 92537K, committed 94400K, reserved 1179648K
  class space    used 9260K, committed 10112K, reserved 1048576K
}
Event: 1022.540 GC heap before
{Heap before GC invocations=2162 (full 6):
 PSYoungGen      total 12288K, used 12218K [0x00000007aab00000, 0x00000007abb00000, 0x0000000800000000)
  eden space 10752K, 100% used [0x00000007aab00000,0x00000007ab580000,0x00000007ab580000)
  from space 1536K, 95% used [0x00000007ab800000,0x00000007ab96ea90,0x00000007ab980000)
  to   space 1536K, 0% used [0x00000007ab980000,0x00000007ab980000,0x00000007abb00000)
 ParOldGen       total 1052672K, used 391159K [0x0000000700000000, 0x0000000740400000, 0x00000007aab00000)
  object space 1052672K, 37% used [0x0000000700000000,0x0000000717dfdf10,0x0000000740400000)
 Metaspace       used 92537K, committed 94400K, reserved 1179648K
  class space    used 9260K, committed 10112K, reserved 1048576K
}
Event: 1022.578 GC heap after
{Heap after GC invocations=2162 (full 6):
 PSYoungGen      total 9216K, used 1528K [0x00000007aab00000, 0x00000007ac380000, 0x0000000800000000)
  eden space 7680K, 0% used [0x00000007aab00000,0x00000007aab00000,0x00000007ab280000)
  from space 1536K, 99% used [0x00000007ab980000,0x00000007abafe318,0x00000007abb00000)
  to   space 7168K, 0% used [0x00000007ab280000,0x00000007ab280000,0x00000007ab980000)
 ParOldGen       total 1052672K, used 395562K [0x0000000700000000, 0x0000000740400000, 0x00000007aab00000)
  object space 1052672K, 37% used [0x0000000700000000,0x000000071824a998,0x0000000740400000)
 Metaspace       used 92537K, committed 94400K, reserved 1179648K
  class space    used 9260K, committed 10112K, reserved 1048576K
}
Event: 1023.845 GC heap before
{Heap before GC invocations=2163 (full 6):
 PSYoungGen      total 9216K, used 9208K [0x00000007aab00000, 0x00000007ac380000, 0x0000000800000000)
  eden space 7680K, 100% used [0x00000007aab00000,0x00000007ab280000,0x00000007ab280000)
  from space 1536K, 99% used [0x00000007ab980000,0x00000007abafe318,0x00000007abb00000)
  to   space 7168K, 0% used [0x00000007ab280000,0x00000007ab280000,0x00000007ab980000)
 ParOldGen       total 1052672K, used 426282K [0x0000000700000000, 0x0000000740400000, 0x00000007aab00000)
  object space 1052672K, 40% used [0x0000000700000000,0x000000071a04a9c8,0x0000000740400000)
 Metaspace       used 92540K, committed 94400K, reserved 1179648K
  class space    used 9260K, committed 10112K, reserved 1048576K
}
Event: 1023.858 GC heap after
{Heap after GC invocations=2163 (full 6):
 PSYoungGen      total 8704K, used 704K [0x00000007aab00000, 0x00000007aba00000, 0x0000000800000000)
  eden space 7680K, 0% used [0x00000007aab00000,0x00000007aab00000,0x00000007ab280000)
  from space 1024K, 68% used [0x00000007ab280000,0x00000007ab330020,0x00000007ab380000)
  to   space 3072K, 0% used [0x00000007ab700000,0x00000007ab700000,0x00000007aba00000)
 ParOldGen       total 1052672K, used 426378K [0x0000000700000000, 0x0000000740400000, 0x00000007aab00000)
  object space 1052672K, 40% used [0x0000000700000000,0x000000071a0629c8,0x0000000740400000)
 Metaspace       used 92540K, committed 94400K, reserved 1179648K
  class space    used 9260K, committed 10112K, reserved 1048576K
}

