# JRE version: OpenJDK Runtime Environment Temurin-21.0.9+10 (21.0.9+10) (build 21.0.9+10-LTS)
# Java VM: OpenJDK 64-Bit Server VM Temurin-21.0.9+10 (21.0.9+10-LTS, mixed mode, sharing, tiered, compressed oops, compressed class ptrs, parallel gc, windows-amd64)
GC Precious Log:
 CardTable entry size: 512
 CPUs: 4 total, 4 available
 Memory: 3885M
 Large Page Support: Disabled
 NUMA Support: Disabled
 Compressed Oops: Enabled (Zero based)
 Alignments: Space 512K, Generation 512K, Heap 2M
 Heap Min Capacity: 100M
 Heap Initial Capacity: 100M
 Heap Max Capacity: 4G
 Pre-touch: Disabled
 Parallel Workers: 4
Heap:
 PSYoungGen      total 3072K, used 1173K [0x00000007aab00000, 0x00000007aaf00000, 0x0000000800000000)
  eden space 2560K, 38% used [0x00000007aab00000,0x00000007aabf5648,0x00000007aad80000)
  from space 512K, 37% used [0x00000007aad80000,0x00000007aadb0020,0x00000007aae00000)
  to   space 512K, 0% used [0x00000007aae80000,0x00000007aae80000,0x00000007aaf00000)
 ParOldGen       total 309248K, used 309124K [0x0000000700000000, 0x0000000712e00000, 0x00000007aab00000)
  object space 309248K, 99% used [0x0000000700000000,0x0000000712de11a0,0x0000000712e00000)
 Metaspace       used 75653K, committed 77248K, reserved 1179648K
  class space    used 7834K, committed 8576K, reserved 1048576K
GC Heap History (20 events):
Event: 2749.785 GC heap before
{Heap before GC invocations=363 (full 3):
 PSYoungGen      total 3584K, used 3196K [0x00000007aab00000, 0x00000007aaf80000, 0x0000000800000000)
  eden space 3072K, 99% used [0x00000007aab00000,0x00000007aadff210,0x00000007aae00000)
  from space 512K, 25% used [0x00000007aae80000,0x00000007aaea0000,0x00000007aaf00000)
  to   space 512K, 0% used [0x00000007aaf00000,0x00000007aaf00000,0x00000007aaf80000)
 ParOldGen       total 303616K, used 303583K [0x0000000700000000, 0x0000000712880000, 0x00000007aab00000)
  object space 303616K, 99% used [0x0000000700000000,0x0000000712877ed8,0x0000000712880000)
 Metaspace       used 75574K, committed 77184K, reserved 1179648K
  class space    used 7831K, committed 8576K, reserved 1048576K
}
Event: 2749.813 GC heap after
{Heap after GC invocations=363 (full 3):
 PSYoungGen      total 3584K, used 372K [0x00000007aab00000, 0x00000007aaf80000, 0x0000000800000000)
  eden space 3072K, 0% used [0x00000007aab00000,0x00000007aab00000,0x00000007aae00000)
  from space 512K, 72% used [0x00000007aaf00000,0x00000007aaf5d240,0x00000007aaf80000)
  to   space 512K, 0% used [0x00000007aae80000,0x00000007aae80000,0x00000007aaf00000)
 ParOldGen       total 303616K, used 303615K [0x0000000700000000, 0x0000000712880000, 0x00000007aab00000)
  object space 303616K, 99% used [0x0000000700000000,0x000000071287fed8,0x0000000712880000)
 Metaspace       used 75574K, committed 77184K, reserved 1179648K
  class space    used 7831K, committed 8576K, reserved 1048576K
}
Event: 2750.743 GC heap before
{Heap before GC invocations=364 (full 3):
 PSYoungGen      total 3584K, used 3444K [0x00000007aab00000, 0x00000007aaf80000, 0x0000000800000000)
  eden space 3072K, 100% used [0x00000007aab00000,0x00000007aae00000,0x00000007aae00000)
  from space 512K, 72% used [0x00000007aaf00000,0x00000007aaf5d240,0x00000007aaf80000)
  to   space 512K, 0% used [0x00000007aae80000,0x00000007aae80000,0x00000007aaf00000)
 ParOldGen       total 303616K, used 303615K [0x0000000700000000, 0x0000000712880000, 0x00000007aab00000)
  object space 303616K, 99% used [0x0000000700000000,0x000000071287fed8,0x0000000712880000)
 Metaspace       used 75595K, committed 77184K, reserved 1179648K
  class space    used 7832K, committed 8576K, reserved 1048576K
}
Event: 2750.754 GC heap after
{Heap after GC invocations=364 (full 3):
 PSYoungGen      total 3584K, used 496K [0x00000007aab00000, 0x00000007ab000000, 0x0000000800000000)
  eden space 3072K, 0% used [0x00000007aab00000,0x00000007aab00000,0x00000007aae00000)
  from space 512K, 96% used [0x00000007aae80000,0x00000007aaefc010,0x00000007aaf00000)
  to   space 1024K, 0% used [0x00000007aaf00000,0x00000007aaf00000,0x00000007ab000000)
 ParOldGen       total 304128K, used 303916K [0x0000000700000000, 0x0000000712900000, 0x00000007aab00000)
  object space 304128K, 99% used [0x0000000700000000,0x00000007128cb118,0x0000000712900000)
 Metaspace       used 75595K, committed 77184K, reserved 1179648K
  class space    used 7832K, committed 8576K, reserved 1048576K
}
Event: 2750.876 GC heap before
{Heap before GC invocations=365 (full 3):
 PSYoungGen      total 3584K, used 3568K [0x00000007aab00000, 0x00000007ab000000, 0x0000000800000000)
  eden space 3072K, 100% used [0x00000007aab00000,0x00000007aae00000,0x00000007aae00000)
  from space 512K, 96% used [0x00000007aae80000,0x00000007aaefc010,0x00000007aaf00000)
  to   space 1024K, 0% used [0x00000007aaf00000,0x00000007aaf00000,0x00000007ab000000)
 ParOldGen       total 304128K, used 303916K [0x0000000700000000, 0x0000000712900000, 0x00000007aab00000)
  object space 304128K, 99% used [0x0000000700000000,0x00000007128cb118,0x0000000712900000)
 Metaspace       used 75605K, committed 77248K, reserved 1179648K
  class space    used 7833K, committed 8576K, reserved 1048576K
}
Event: 2750.886 GC heap after
{Heap after GC invocations=365 (full 3):
 PSYoungGen      total 3584K, used 288K [0x00000007aab00000, 0x00000007aaf80000, 0x0000000800000000)
  eden space 3072K, 0% used [0x00000007aab00000,0x00000007aab00000,0x00000007aae00000)
  from space 512K, 56% used [0x00000007aaf00000,0x00000007aaf48000,0x00000007aaf80000)
  to   space 512K, 0% used [0x00000007aae80000,0x00000007aae80000,0x00000007aaf00000)
 ParOldGen       total 304640K, used 304340K [0x0000000700000000, 0x0000000712980000, 0x00000007aab00000)
  object space 304640K, 99% used [0x0000000700000000,0x0000000712935138,0x0000000712980000)
 Metaspace       used 75605K, committed 77248K, reserved 1179648K
  class space    used 7833K, committed 8576K, reserved 1048576K
}
Event: 2750.959 GC heap before
{Heap before GC invocations=366 (full 3):
 PSYoungGen      total 3584K, used 3360K [0x00000007aab00000, 0x00000007aaf80000, 0x0000000800000000)
  eden space 3072K, 100% used [0x00000007aab00000,0x00000007aae00000,0x00000007aae00000)
  from space 512K, 56% used [0x00000007aaf00000,0x00000007aaf48000,0x00000007aaf80000)
  to   space 512K, 0% used [0x00000007aae80000,0x00000007aae80000,0x00000007aaf00000)
 ParOldGen       total 304640K, used 304340K [0x0000000700000000, 0x0000000712980000, 0x00000007aab00000)
  object space 304640K, 99% used [0x0000000700000000,0x0000000712935138,0x0000000712980000)
 Metaspace       used 75608K, committed 77248K, reserved 1179648K
  class space    used 7833K, committed 8576K, reserved 1048576K
}
Event: 2750.964 GC heap after
{Heap after GC invocations=366 (full 3):
 PSYoungGen      total 3584K, used 352K [0x00000007aab00000, 0x00000007aaf80000, 0x0000000800000000)
  eden space 3072K, 0% used [0x00000007aab00000,0x00000007aab00000,0x00000007aae00000)
  from space 512K, 68% used [0x00000007aae80000,0x00000007aaed8000,0x00000007aaf00000)
  to   space 512K, 0% used [0x00000007aaf00000,0x00000007aaf00000,0x00000007aaf80000)
 ParOldGen       total 304640K, used 304532K [0x0000000700000000, 0x0000000712980000, 0x00000007aab00000)
  object space 304640K, 99% used [0x0000000700000000,0x0000000712965138,0x0000000712980000)
 Metaspace       used 75608K, committed 77248K, reserved 1179648K
  class space    used 7833K, committed 8576K, reserved 1048576K
}
Event: 2751.018 GC heap before
{Heap before GC invocations=367 (full 3):
 PSYoungGen      total 3584K, used 3423K [0x00000007aab00000, 0x00000007aaf80000, 0x0000000800000000)
  eden space 3072K, 99% used [0x00000007aab00000,0x00000007aadfffd8,0x00000007aae00000)
  from space 512K, 68% used [0x00000007aae80000,0x00000007aaed8000,0x00000007aaf00000)
  to   space 512K, 0% used [0x00000007aaf00000,0x00000007aaf00000,0x00000007aaf80000)
 ParOldGen       total 304640K, used 304532K [0x0000000700000000, 0x0000000712980000, 0x00000007aab00000)
  object space 304640K, 99% used [0x0000000700000000,0x0000000712965138,0x0000000712980000)
 Metaspace       used 75608K, committed 77248K, reserved 1179648K
  class space    used 7833K, committed 8576K, reserved 1048576K
}
Event: 2751.023 GC heap after
{Heap after GC invocations=367 (full 3):
 PSYoungGen      total 3584K, used 224K [0x00000007aab00000, 0x00000007aaf80000, 0x0000000800000000)
  eden space 3072K, 0% used [0x00000007aab00000,0x00000007aab00000,0x00000007aae00000)
  from space 512K, 43% used [0x00000007aaf00000,0x00000007aaf38000,0x00000007aaf80000)
  to   space 512K, 0% used [0x00000007aae80000,0x00000007aae80000,0x00000007aaf00000)
 ParOldGen       total 305152K, used 304788K [0x0000000700000000, 0x0000000712a00000, 0x00000007aab00000)
  object space 305152K, 99% used [0x0000000700000000,0x00000007129a5158,0x0000000712a00000)
 Metaspace       used 75608K, committed 77248K, reserved 1179648K
  class space    used 7833K, committed 8576K, reserved 1048576K
}
Event: 2751.098 GC heap before
{Heap before GC invocations=368 (full 3):
 PSYoungGen      total 3584K, used 3200K [0x00000007aab00000, 0x00000007aaf80000, 0x0000000800000000)
  eden space 3072K, 96% used [0x00000007aab00000,0x00000007aade82d0,0x00000007aae00000)
  from space 512K, 43% used [0x00000007aaf00000,0x00000007aaf38000,0x00000007aaf80000)
  to   space 512K, 0% used [0x00000007aae80000,0x00000007aae80000,0x00000007aaf00000)
 ParOldGen       total 305152K, used 304788K [0x0000000700000000, 0x0000000712a00000, 0x00000007aab00000)
  object space 305152K, 99% used [0x0000000700000000,0x00000007129a5158,0x0000000712a00000)
 Metaspace       used 75612K, committed 77248K, reserved 1179648K
  class space    used 7833K, committed 8576K, reserved 1048576K
}
Event: 2751.106 GC heap after
{Heap after GC invocations=368 (full 3):
 PSYoungGen      total 3584K, used 192K [0x00000007aab00000, 0x00000007aaf80000, 0x0000000800000000)
  eden space 3072K, 0% used [0x00000007aab00000,0x00000007aab00000,0x00000007aae00000)
  from space 512K, 37% used [0x00000007aae80000,0x00000007aaeb0000,0x00000007aaf00000)
  to   space 512K, 0% used [0x00000007aaf00000,0x00000007aaf00000,0x00000007aaf80000)
 ParOldGen       total 309248K, used 308433K [0x0000000700000000, 0x0000000712e00000, 0x00000007aab00000)
  object space 309248K, 99% used [0x0000000700000000,0x0000000712d345f8,0x0000000712e00000)
 Metaspace       used 75612K, committed 77248K, reserved 1179648K
  class space    used 7833K, committed 8576K, reserved 1048576K
}
Event: 2751.569 GC heap before
{Heap before GC invocations=369 (full 3):
 PSYoungGen      total 3584K, used 3233K [0x00000007aab00000, 0x00000007aaf80000, 0x0000000800000000)
  eden space 3072K, 98% used [0x00000007aab00000,0x00000007aadf84e8,0x00000007aae00000)
  from space 512K, 37% used [0x00000007aae80000,0x00000007aaeb0000,0x00000007aaf00000)
  to   space 512K, 0% used [0x00000007aaf00000,0x00000007aaf00000,0x00000007aaf80000)
 ParOldGen       total 309248K, used 308433K [0x0000000700000000, 0x0000000712e00000, 0x00000007aab00000)
  object space 309248K, 99% used [0x0000000700000000,0x0000000712d345f8,0x0000000712e00000)
 Metaspace       used 75635K, committed 77248K, reserved 1179648K
  class space    used 7834K, committed 8576K, reserved 1048576K
}
Event: 2751.574 GC heap after
{Heap after GC invocations=369 (full 3):
 PSYoungGen      total 3072K, used 482K [0x00000007aab00000, 0x00000007ab100000, 0x0000000800000000)
  eden space 2560K, 0% used [0x00000007aab00000,0x00000007aab00000,0x00000007aad80000)
  from space 512K, 94% used [0x00000007aaf00000,0x00000007aaf78b88,0x00000007aaf80000)
  to   space 1536K, 0% used [0x00000007aad80000,0x00000007aad80000,0x00000007aaf00000)
 ParOldGen       total 309248K, used 308964K [0x0000000700000000, 0x0000000712e00000, 0x00000007aab00000)
  object space 309248K, 99% used [0x0000000700000000,0x0000000712db91a0,0x0000000712e00000)
 Metaspace       used 75635K, committed 77248K, reserved 1179648K
  class space    used 7834K, committed 8576K, reserved 1048576K
}
Event: 2752.232 GC heap before
{Heap before GC invocations=370 (full 3):
 PSYoungGen      total 3072K, used 2956K [0x00000007aab00000, 0x00000007ab100000, 0x0000000800000000)
  eden space 2560K, 96% used [0x00000007aab00000,0x00000007aad6a870,0x00000007aad80000)
  from space 512K, 94% used [0x00000007aaf00000,0x00000007aaf78b88,0x00000007aaf80000)
  to   space 1536K, 0% used [0x00000007aad80000,0x00000007aad80000,0x00000007aaf00000)
 ParOldGen       total 309248K, used 308964K [0x0000000700000000, 0x0000000712e00000, 0x00000007aab00000)
  object space 309248K, 99% used [0x0000000700000000,0x0000000712db91a0,0x0000000712e00000)
 Metaspace       used 75637K, committed 77248K, reserved 1179648K
  class space    used 7834K, committed 8576K, reserved 1048576K
}
Event: 2752.236 GC heap after
{Heap after GC invocations=370 (full 3):
 PSYoungGen      total 3072K, used 432K [0x00000007aab00000, 0x00000007aaf80000, 0x0000000800000000)
  eden space 2560K, 0% used [0x00000007aab00000,0x00000007aab00000,0x00000007aad80000)
  from space 512K, 84% used [0x00000007aad80000,0x00000007aadec010,0x00000007aae00000)
  to   space 1024K, 0% used [0x00000007aae80000,0x00000007aae80000,0x00000007aaf80000)
 ParOldGen       total 309248K, used 309068K [0x0000000700000000, 0x0000000712e00000, 0x00000007aab00000)
  object space 309248K, 99% used [0x0000000700000000,0x0000000712dd31a0,0x0000000712e00000)
 Metaspace       used 75637K, committed 77248K, reserved 1179648K
  class space    used 7834K, committed 8576K, reserved 1048576K
}
Event: 2986.338 GC heap before
{Heap before GC invocations=371 (full 3):
 PSYoungGen      total 3072K, used 2991K [0x00000007aab00000, 0x00000007aaf80000, 0x0000000800000000)
  eden space 2560K, 99% used [0x00000007aab00000,0x00000007aad7ffe8,0x00000007aad80000)
  from space 512K, 84% used [0x00000007aad80000,0x00000007aadec010,0x00000007aae00000)
  to   space 1024K, 0% used [0x00000007aae80000,0x00000007aae80000,0x00000007aaf80000)
 ParOldGen       total 309248K, used 309068K [0x0000000700000000, 0x0000000712e00000, 0x00000007aab00000)
  object space 309248K, 99% used [0x0000000700000000,0x0000000712dd31a0,0x0000000712e00000)
 Metaspace       used 75641K, committed 77248K, reserved 1179648K
  class space    used 7834K, committed 8576K, reserved 1048576K
}
Event: 2986.581 GC heap after
{Heap after GC invocations=371 (full 3):
 PSYoungGen      total 3072K, used 128K [0x00000007aab00000, 0x00000007aaf00000, 0x0000000800000000)
  eden space 2560K, 0% used [0x00000007aab00000,0x00000007aab00000,0x00000007aad80000)
  from space 512K, 25% used [0x00000007aae80000,0x00000007aaea0000,0x00000007aaf00000)
  to   space 512K, 0% used [0x00000007aad80000,0x00000007aad80000,0x00000007aae00000)
 ParOldGen       total 309248K, used 309092K [0x0000000700000000, 0x0000000712e00000, 0x00000007aab00000)
  object space 309248K, 99% used [0x0000000700000000,0x0000000712dd91a0,0x0000000712e00000)
 Metaspace       used 75641K, committed 77248K, reserved 1179648K
  class space    used 7834K, committed 8576K, reserved 1048576K
}
Event: 2987.399 GC heap before
{Heap before GC invocations=372 (full 3):
 PSYoungGen      total 3072K, used 2688K [0x00000007aab00000, 0x00000007aaf00000, 0x0000000800000000)
  eden space 2560K, 100% used [0x00000007aab00000,0x00000007aad80000,0x00000007aad80000)
  from space 512K, 25% used [0x00000007aae80000,0x00000007aaea0000,0x00000007aaf00000)
  to   space 512K, 0% used [0x00000007aad80000,0x00000007aad80000,0x00000007aae00000)
 ParOldGen       total 309248K, used 309092K [0x0000000700000000, 0x0000000712e00000, 0x00000007aab00000)
  object space 309248K, 99% used [0x0000000700000000,0x0000000712dd91a0,0x0000000712e00000)
 Metaspace       used 75652K, committed 77248K, reserved 1179648K
  class space    used 7834K, committed 8576K, reserved 1048576K
}
Event: 2987.402 GC heap after
{Heap after GC invocations=372 (full 3):
 PSYoungGen      total 3072K, used 192K [0x00000007aab00000, 0x00000007aaf00000, 0x0000000800000000)
  eden space 2560K, 0% used [0x00000007aab00000,0x00000007aab00000,0x00000007aad80000)
  from space 512K, 37% used [0x00000007aad80000,0x00000007aadb0020,0x00000007aae00000)
  to   space 512K, 0% used [0x00000007aae80000,0x00000007aae80000,0x00000007aaf00000)
 ParOldGen       total 309248K, used 309124K [0x0000000700000000, 0x0000000712e00000, 0x00000007aab00000)
  object space 309248K, 99% used [0x0000000700000000,0x0000000712de11a0,0x0000000712e00000)
 Metaspace       used 75652K, committed 77248K, reserved 1179648K
  class space    used 7834K, committed 8576K, reserved 1048576K
}

